2017-07-08 20:09:12 INFO  Main:22 - The program started.
2017-07-08 20:09:13 INFO  Main:25 - Current time: 20 o'clock.
2017-07-08 20:09:13 INFO  Main:28 - Printed in the console: 'Good evening, World!'.
2017-07-08 20:09:13 INFO  Main:30 - The program completed it's work.
2017-07-08 20:34:35 INFO  TestMain:21 - All tests started.
2017-07-08 20:34:35 INFO  TestMain:63 - Start testSetLocaleRU.
2017-07-08 20:34:35 INFO  TestMain:52 - Start testSetLocaleFake.
2017-07-08 20:34:35 INFO  TestMain:31 - Start testSetAllTime.
2017-07-08 20:34:35 INFO  TestMain:46 - Start testSetIntegerTime.
2017-07-08 20:34:35 INFO  TestMain:26 - All tests finished.
2017-07-08 20:38:15 INFO  Main:22 - The program started.
2017-07-08 20:38:15 INFO  Main:25 - Current time: 20 o'clock.
2017-07-08 20:38:15 INFO  Main:28 - Printed in the console: 'Good evening, World!'.
2017-07-08 20:38:15 INFO  Main:30 - The program completed it's work.
2017-07-08 20:38:25 INFO  TestMain:21 - All tests started.
2017-07-08 20:38:25 INFO  TestMain:63 - Start testSetLocaleRU.
2017-07-08 20:38:25 INFO  TestMain:52 - Start testSetLocaleFake.
2017-07-08 20:38:25 INFO  TestMain:31 - Start testSetAllTime.
2017-07-08 20:38:25 INFO  TestMain:46 - Start testSetIntegerTime.
2017-07-08 20:38:25 INFO  TestMain:26 - All tests finished.
